Added Component: Designator=BZ(BZ ZK-1205S)
Added Component: Designator=C2(CAP AL TH D10 L5 H14.5)
Added Component: Designator=LT0(JST XH B2B-XH-A)
Added Component: Designator=LT1(JST XH B2B-XH-A)
Added Component: Designator=Q0(TD03B_N)
Added Component: Designator=Q1(TD03B_N)
Added Component: Designator=Q2(TD03B_N)
Added Component: Designator=R0(RES 1206/3216 RF)
Added Component: Designator=R1(RES 1206/3216 RF)
Added Component: Designator=R2(RES 1206/3216 RF)
Added Component: Designator=R3(RES 1206/3216 RF)
Added Component: Designator=R4(RES 1206/3216 RF)
Added Pin To Net: NetName=+5 Pin=BZ-1
Added Pin To Net: NetName=+24 Pin=C2-1
Added Pin To Net: NetName=GND Pin=C2-2
Added Pin To Net: NetName=+12 Pin=LT0-2
Added Pin To Net: NetName=+12 Pin=LT1-2
Added Pin To Net: NetName=GND Pin=Q0-2
Added Pin To Net: NetName=GND Pin=Q1-2
Added Pin To Net: NetName=GND Pin=Q2-2
Added Pin To Net: NetName=GND Pin=R0-1
Added Pin To Net: NetName=GND Pin=R1-1
Added Pin To Net: NetName=GND Pin=R2-1
Added Pin To Net: NetName=BUZZER Pin=Q0-1
Added Pin To Net: NetName=BUZZER Pin=R0-2
Added Net: Name=BUZZER
Added Pin To Net: NetName=LIGHT0 Pin=Q1-1
Added Pin To Net: NetName=LIGHT0 Pin=R1-2
Added Net: Name=LIGHT0
Added Pin To Net: NetName=LIGHT1 Pin=Q2-1
Added Pin To Net: NetName=LIGHT1 Pin=R2-2
Added Net: Name=LIGHT1
Added Pin To Net: NetName=NetBZ_2 Pin=BZ-2
Added Pin To Net: NetName=NetBZ_2 Pin=Q0-3
Added Net: Name=NetBZ_2
Added Pin To Net: NetName=NetLT0_1 Pin=LT0-1
Added Pin To Net: NetName=NetLT0_1 Pin=R3-2
Added Net: Name=NetLT0_1
Added Pin To Net: NetName=NetLT1_1 Pin=LT1-1
Added Pin To Net: NetName=NetLT1_1 Pin=R4-2
Added Net: Name=NetLT1_1
Added Pin To Net: NetName=NetQ1_3 Pin=Q1-3
Added Pin To Net: NetName=NetQ1_3 Pin=R3-1
Added Net: Name=NetQ1_3
Added Pin To Net: NetName=NetQ2_3 Pin=Q2-3
Added Pin To Net: NetName=NetQ2_3 Pin=R4-1
Added Net: Name=NetQ2_3
Added Class: Name=BZ&LT
Added Member To Class: ClassName=Main Member=Component C2 680uF
