Change Component Comment : Designator=DC-DC Regulator Old Comment=Component_1 New Comment=Component_0
Added Component: Designator=12Vout_0(JST XH B2B-XH-A)
Added Component: Designator=12Vout_1(JST XH B2B-XH-A)
Added Component: Designator=12Vout_2(JST XH B2B-XH-A)
Added Component: Designator=24Vout_0(JST XH B2B-XH-A)
Added Component: Designator=24Vout_1(JST XH B2B-XH-A)
Added Component: Designator=24Vout_2(JST XH B2B-XH-A)
Added Component: Designator=C0(CAP POL 2917/7343)
Added Component: Designator=C1(CAP POL 2917/7343)
Added Component: Designator=DC-DC Regulator(MP1584EN DC-DC)
Added Pin To Net: NetName=GND Pin=12Vout_0-2
Added Pin To Net: NetName=GND Pin=12Vout_1-2
Added Pin To Net: NetName=GND Pin=12Vout_2-2
Added Pin To Net: NetName=GND Pin=24Vout_0-2
Added Pin To Net: NetName=GND Pin=24Vout_1-2
Added Pin To Net: NetName=GND Pin=24Vout_2-2
Added Pin To Net: NetName=GND Pin=C0-2
Added Pin To Net: NetName=GND Pin=C1-2
Change Net Name : Old Net Name=24V New Net Name=VCC
Added Pin To Net: NetName=+5 Pin=C0-1
Added Net: Name=+5
Added Pin To Net: NetName=+12 Pin=12Vout_0-1
Added Pin To Net: NetName=+12 Pin=12Vout_1-1
Added Pin To Net: NetName=+12 Pin=12Vout_2-1
Added Pin To Net: NetName=+12 Pin=C1-1
Added Net: Name=+12
Added Pin To Net: NetName=+24 Pin=24Vout_0-1
Added Pin To Net: NetName=+24 Pin=24Vout_1-1
Added Pin To Net: NetName=+24 Pin=24Vout_2-1
Added Net: Name=+24
Added Member To Class: ClassName=Main Member=Component 12Vout_0 2 Pin
Added Member To Class: ClassName=Main Member=Component 12Vout_1 2 Pin
Added Member To Class: ClassName=Main Member=Component 12Vout_2 2 Pin
Added Member To Class: ClassName=Main Member=Component 24Vout_0 2 Pin
Added Member To Class: ClassName=Main Member=Component 24Vout_1 2 Pin
Added Member To Class: ClassName=Main Member=Component 24Vout_2 2 Pin
Added Member To Class: ClassName=Main Member=Component C0 220uF
Added Member To Class: ClassName=Main Member=Component C1 220uF
