


          SolidWorks Corporation - STEP Processor Error Log
          ______________________________________________________

                       STEP Post Processor
                       ___________________


STEP File Name: C:\Users\HP\Desktop\CAD\100mm Mecanum wheel\100mm Aluminum Mecanum wheels.stp


曲面已成功地形成實體。
STEP-in 完成曲面已成功地形成實體。
STEP-in 完成曲面已成功地形成實體。
STEP-in 完成曲面已成功地形成實體。
STEP-in 完成曲面已成功地形成實體。
STEP-in 完成
Error: 無法從修剪的曲面產生實體。
STEP-in 無法成功完成
曲面已成功地形成實體。
STEP-in 完成曲面已成功地形成實體。
STEP-in 完成曲面已成功地形成實體。
STEP-in 完成曲面已成功地形成實體。
STEP-in 完成曲面已成功地形成實體。
STEP-in 完成
Error: 無法從修剪的曲面產生實體。
STEP-in 無法成功完成
曲面已成功地形成實體。
STEP-in 完成曲面已成功地形成實體。
STEP-in 完成曲面已成功地形成實體。
STEP-in 完成曲面已成功地形成實體。
STEP-in 完成